<?xml version="1.0" encoding="UTF-8"?>
<!-- Generated by org.testng.reporters.JUnitReportReporter -->
<testsuite hostname="DESKTOP-4ATGCRI" failures="0" tests="2" name="com.sdata.AppTest" time="0.032" errors="0" timestamp="2022-08-14T00:08:19 IST" skipped="0">
  <testcase classname="com.sdata.AppTest" name="testlogin2" time="0.003"/>
  <system-out/>
  <testcase classname="com.sdata.AppTest" name="testlogin1" time="0.029"/>
  <system-out/>
</testsuite> <!-- com.sdata.AppTest -->
