<?xml version="1.0" encoding="UTF-8"?>
<!-- Generated by org.testng.reporters.JUnitReportReporter -->
<testsuite hostname="DESKTOP-4ATGCRI" failures="0" tests="2" name="com.sdata.AppTest" time="0.030" errors="0" timestamp="2022-08-17T20:02:12 IST" skipped="0">
  <testcase classname="com.sdata.AppTest" name="testlogin1" time="0.023"/>
  <system-out/>
  <testcase classname="com.sdata.AppTest" name="testlogin2" time="0.007"/>
  <system-out/>
</testsuite> <!-- com.sdata.AppTest -->
